{
  "metadata": {
    "executionId": "1754975503339",
    "browserName": "MicrosoftEdge",
    "executionStartTime": "Tue, 12 Aug 2025 05:11:43 GMT",
    "executionEndTime": "Tue, 12 Aug 2025 05:12:20 GMT",
    "totalTimeInMinutes": "0.62"
  },
  "testResults": [
    {
      "uid": "should login with valid credentialsspec0",
      "timestamp": "05:11:54",
      "suiteName": "Playground Product Purchase",
      "testName": "should login with valid credentials",
      "status": "PASSED",
      "errors": [],
      "screenshot": "",
      "browserConsoleLogs": [],
      "specConsoleLogs": []
    },
    {
      "uid": "Homepage displays all categories to buyspec1",
      "timestamp": "05:11:56",
      "suiteName": "Playground Product Purchase",
      "testName": "Homepage displays all categories to buy",
      "status": "PASSED",
      "errors": [],
      "screenshot": "",
      "browserConsoleLogs": [],
      "specConsoleLogs": []
    },
    {
      "uid": "add a product to wishlistspec2",
      "timestamp": "05:12:06",
      "suiteName": "Playground Product Purchase",
      "testName": "add a product to wishlist",
      "status": "FAILED",
      "errors": [
        {
          "message": "Error: Wish List button did not exist in time",
          "stack": "at async HomePage.addRandomProductToWishlist (file:///C:/Users/PoornimaKR/OneDrive%20-%20Testing%20Mavens%20LLC/Playground%20Automation/test/pageobjects/homePage.js:48:9)\n    at async UserContext.<anonymous> (file:///C:/Users/PoornimaKR/OneDrive%20-%20Testing%20Mavens%20LLC/Playground%20Automation/test/specs/test.e2e.js:28:9)"
        }
      ],
      "screenshot": "reports\\screenshots\\screenshot-32c1d465-Tue_12_Aug_2025_05-12-06_GMT.png",
      "browserConsoleLogs": [],
      "specConsoleLogs": []
    },
    {
      "uid": "Add a product to cartspec3",
      "timestamp": "05:12:17",
      "suiteName": "Playground Product Purchase",
      "testName": "Add a product to cart",
      "status": "FAILED",
      "errors": [
        {
          "message": "Error: Can't call click on element with selector \".//button[contains(normalize-space(), \"Add to Cart\")]\" because element wasn't found",
          "stack": "at async CartPage.addRandomProductToCart (file:///C:/Users/PoornimaKR/OneDrive%20-%20Testing%20Mavens%20LLC/Playground%20Automation/test/pageobjects/cartPage.js:39:9)\n    at async UserContext.<anonymous> (file:///C:/Users/PoornimaKR/OneDrive%20-%20Testing%20Mavens%20LLC/Playground%20Automation/test/specs/test.e2e.js:32:9)"
        }
      ],
      "screenshot": "reports\\screenshots\\screenshot-122a9bd6-Tue_12_Aug_2025_05-12-17_GMT.png",
      "browserConsoleLogs": [],
      "specConsoleLogs": []
    },
    {
      "uid": "go to buy now page of cartspec4",
      "timestamp": "05:12:18",
      "suiteName": "Playground Product Purchase",
      "testName": "go to buy now page of cart",
      "status": "PASSED",
      "errors": [],
      "screenshot": "",
      "browserConsoleLogs": [],
      "specConsoleLogs": []
    },
    {
      "uid": "successfully go to the payment pagespec5",
      "timestamp": "05:12:20",
      "suiteName": "Playground Product Purchase",
      "testName": "successfully go to the payment page",
      "status": "PASSED",
      "errors": [],
      "screenshot": "",
      "browserConsoleLogs": [],
      "specConsoleLogs": []
    }
  ]
}