{
  "metadata": {
    "executionId": "1754558742600",
    "browserName": "MicrosoftEdge",
    "executionStartTime": "Thu, 07 Aug 2025 09:25:42 GMT",
    "executionEndTime": "Thu, 07 Aug 2025 09:26:25 GMT",
    "totalTimeInMinutes": "0.71"
  },
  "testResults": [
    {
      "uid": "should login with valid credentialsspec0",
      "timestamp": "09:25:51",
      "suiteName": "My Login application",
      "testName": "should login with valid credentials",
      "status": "PASSED",
      "errors": [],
      "screenshot": "",
      "browserConsoleLogs": [],
      "specConsoleLogs": []
    },
    {
      "uid": "Homepage displays all categories to buyspec1",
      "timestamp": "09:25:54",
      "suiteName": "My Login application",
      "testName": "Homepage displays all categories to buy",
      "status": "PASSED",
      "errors": [],
      "screenshot": "",
      "browserConsoleLogs": [],
      "specConsoleLogs": []
    },
    {
      "uid": "Add a product to cartspec2",
      "timestamp": "09:26:04",
      "suiteName": "My Login application",
      "testName": "Add a product to cart",
      "status": "FAILED",
      "errors": [
        {
          "message": "Error: Can't call click on element with selector \".//button[contains(normalize-space(), \"Add to Cart\")]\" because element wasn't found",
          "stack": "at async CartPage.addRandomProductToCart (file:///C:/Users/PoornimaKR/OneDrive%20-%20Testing%20Mavens%20LLC/Playground%20Automation/test/pageobjects/cartPage.js:62:9)\n    at async UserContext.<anonymous> (file:///C:/Users/PoornimaKR/OneDrive%20-%20Testing%20Mavens%20LLC/Playground%20Automation/test/specs/test.reset.js:28:9)"
        }
      ],
      "screenshot": "reports\\screenshots\\screenshot-122a9bd6-Thu_07_Aug_2025_09-26-04_GMT.png",
      "browserConsoleLogs": [],
      "specConsoleLogs": []
    },
    {
      "uid": "go to buy now page of cartspec3",
      "timestamp": "09:26:14",
      "suiteName": "My Login application",
      "testName": "go to buy now page of cart",
      "status": "FAILED",
      "errors": [
        {
          "message": "Error: Can't call getText on element with selector \"//p[contains(text(),\"Subtotal\")]//span[@class=\"font-semibold tracking-wide font-titleFont\"]\" because element wasn't found",
          "stack": "at async CheckOutPage.priceValidationOfCart (file:///C:/Users/PoornimaKR/OneDrive%20-%20Testing%20Mavens%20LLC/Playground%20Automation/test/pageobjects/checkOutPage.js:75:30)\n    at async UserContext.<anonymous> (file:///C:/Users/PoornimaKR/OneDrive%20-%20Testing%20Mavens%20LLC/Playground%20Automation/test/specs/test.reset.js:34:9)"
        }
      ],
      "screenshot": "reports\\screenshots\\screenshot-63a68817-Thu_07_Aug_2025_09-26-14_GMT.png",
      "browserConsoleLogs": [],
      "specConsoleLogs": []
    },
    {
      "uid": "working of reset cart buttonspec4",
      "timestamp": "09:26:24",
      "suiteName": "My Login application",
      "testName": "working of reset cart button",
      "status": "FAILED",
      "errors": [
        {
          "message": "Error: Can't call click on element with selector \"//button[text()=\"Reset cart\"]\" because element wasn't found",
          "stack": "at async UserContext.<anonymous> (file:///C:/Users/PoornimaKR/OneDrive%20-%20Testing%20Mavens%20LLC/Playground%20Automation/test/specs/test.reset.js:38:9)"
        }
      ],
      "screenshot": "reports\\screenshots\\screenshot-48461d99-Thu_07_Aug_2025_09-26-24_GMT.png",
      "browserConsoleLogs": [],
      "specConsoleLogs": []
    }
  ]
}