{
  "metadata": {
    "executionId": "1754913826019",
    "browserName": "MicrosoftEdge",
    "executionStartTime": "Mon, 11 Aug 2025 12:03:46 GMT",
    "executionEndTime": "Mon, 11 Aug 2025 12:04:24 GMT",
    "totalTimeInMinutes": "0.63"
  },
  "testResults": [
    {
      "uid": "should login with valid credentialsspec0",
      "timestamp": "12:03:52",
      "suiteName": "Playground Product Purchase",
      "testName": "should login with valid credentials",
      "status": "PASSED",
      "errors": [],
      "screenshot": "",
      "browserConsoleLogs": [],
      "specConsoleLogs": []
    },
    {
      "uid": "Homepage displays all categories to buyspec1",
      "timestamp": "12:04:02",
      "suiteName": "Playground Product Purchase",
      "testName": "Homepage displays all categories to buy",
      "status": "FAILED",
      "errors": [
        {
          "message": "Error: Can't call click on element with selector \"//button[text()=\"Shop\"]\" because element wasn't found",
          "stack": "at async UserContext.<anonymous> (file:///C:/Users/PoornimaKR/OneDrive%20-%20Testing%20Mavens%20LLC/Playground%20Automation/test/specs/test.e2e.js:20:9)"
        }
      ],
      "screenshot": "reports\\screenshots\\screenshot-5f94d089-Mon_11_Aug_2025_12-04-02_GMT.png",
      "browserConsoleLogs": [],
      "specConsoleLogs": []
    },
    {
      "uid": "add a product to wishlistspec2",
      "timestamp": "12:04:12",
      "suiteName": "Playground Product Purchase",
      "testName": "add a product to wishlist",
      "status": "FAILED",
      "errors": [
        {
          "message": "Error: Can't call click on element with selector \"//button[text()=\"Shop\"]\" because element wasn't found",
          "stack": "at async HomePage.addRandomProductToWishlist (file:///C:/Users/PoornimaKR/OneDrive%20-%20Testing%20Mavens%20LLC/Playground%20Automation/test/pageobjects/homePage.js:17:9)\n    at async UserContext.<anonymous> (file:///C:/Users/PoornimaKR/OneDrive%20-%20Testing%20Mavens%20LLC/Playground%20Automation/test/specs/test.e2e.js:28:9)"
        }
      ],
      "screenshot": "reports\\screenshots\\screenshot-32c1d465-Mon_11_Aug_2025_12-04-12_GMT.png",
      "browserConsoleLogs": [],
      "specConsoleLogs": []
    },
    {
      "uid": "Add a product to cartspec3",
      "timestamp": "12:04:22",
      "suiteName": "Playground Product Purchase",
      "testName": "Add a product to cart",
      "status": "FAILED",
      "errors": [
        {
          "message": "Error: Can't call click on element with selector \".//button[contains(normalize-space(), \"Add to Cart\")]\" because element wasn't found",
          "stack": "at async CartPage.addRandomProductToCart (file:///C:/Users/PoornimaKR/OneDrive%20-%20Testing%20Mavens%20LLC/Playground%20Automation/test/pageobjects/cartPage.js:37:9)\n    at async UserContext.<anonymous> (file:///C:/Users/PoornimaKR/OneDrive%20-%20Testing%20Mavens%20LLC/Playground%20Automation/test/specs/test.e2e.js:32:9)"
        }
      ],
      "screenshot": "reports\\screenshots\\screenshot-122a9bd6-Mon_11_Aug_2025_12-04-22_GMT.png",
      "browserConsoleLogs": [],
      "specConsoleLogs": []
    },
    {
      "uid": "go to buy now page of cartspec4",
      "timestamp": "12:04:23",
      "suiteName": "Playground Product Purchase",
      "testName": "go to buy now page of cart",
      "status": "PASSED",
      "errors": [],
      "screenshot": "",
      "browserConsoleLogs": [],
      "specConsoleLogs": []
    },
    {
      "uid": "successfully go to the payment pagespec5",
      "timestamp": "12:04:23",
      "suiteName": "Playground Product Purchase",
      "testName": "successfully go to the payment page",
      "status": "PASSED",
      "errors": [],
      "screenshot": "",
      "browserConsoleLogs": [],
      "specConsoleLogs": []
    }
  ]
}