{
  "metadata": {
    "executionId": "1754912732055",
    "browserName": "MicrosoftEdge",
    "executionStartTime": "Mon, 11 Aug 2025 11:45:32 GMT",
    "executionEndTime": "Mon, 11 Aug 2025 11:46:10 GMT",
    "totalTimeInMinutes": "0.64"
  },
  "testResults": [
    {
      "uid": "should login with valid credentialsspec0",
      "timestamp": "11:45:39",
      "suiteName": "Playground Product Purchase",
      "testName": "should login with valid credentials",
      "status": "PASSED",
      "errors": [],
      "screenshot": "",
      "browserConsoleLogs": [],
      "specConsoleLogs": []
    },
    {
      "uid": "Homepage displays all categories to buyspec1",
      "timestamp": "11:45:49",
      "suiteName": "Playground Product Purchase",
      "testName": "Homepage displays all categories to buy",
      "status": "FAILED",
      "errors": [
        {
          "message": "Error: Can't call click on element with selector \"//button[text()=\"Shop\"]\" because element wasn't found",
          "stack": "at async UserContext.<anonymous> (file:///C:/Users/PoornimaKR/OneDrive%20-%20Testing%20Mavens%20LLC/Playground%20Automation/test/specs/test.e2e.js:20:9)"
        }
      ],
      "screenshot": "reports\\screenshots\\screenshot-5f94d089-Mon_11_Aug_2025_11-45-49_GMT.png",
      "browserConsoleLogs": [],
      "specConsoleLogs": []
    },
    {
      "uid": "add a product to wishlistspec2",
      "timestamp": "11:45:59",
      "suiteName": "Playground Product Purchase",
      "testName": "add a product to wishlist",
      "status": "FAILED",
      "errors": [
        {
          "message": "Error: Can't call click on element with selector \"//button[text()=\"Shop\"]\" because element wasn't found",
          "stack": "at async HomePage.addRandomProductToWishlist (file:///C:/Users/PoornimaKR/OneDrive%20-%20Testing%20Mavens%20LLC/Playground%20Automation/test/pageobjects/homePage.js:17:9)\n    at async UserContext.<anonymous> (file:///C:/Users/PoornimaKR/OneDrive%20-%20Testing%20Mavens%20LLC/Playground%20Automation/test/specs/test.e2e.js:27:9)"
        }
      ],
      "screenshot": "reports\\screenshots\\screenshot-32c1d465-Mon_11_Aug_2025_11-45-59_GMT.png",
      "browserConsoleLogs": [],
      "specConsoleLogs": []
    },
    {
      "uid": "Add a product to cartspec3",
      "timestamp": "11:46:09",
      "suiteName": "Playground Product Purchase",
      "testName": "Add a product to cart",
      "status": "FAILED",
      "errors": [
        {
          "message": "Error: Can't call click on element with selector \".//button[contains(normalize-space(), \"Add to Cart\")]\" because element wasn't found",
          "stack": "at async CartPage.addRandomProductToCart (file:///C:/Users/PoornimaKR/OneDrive%20-%20Testing%20Mavens%20LLC/Playground%20Automation/test/pageobjects/cartPage.js:37:9)\n    at async UserContext.<anonymous> (file:///C:/Users/PoornimaKR/OneDrive%20-%20Testing%20Mavens%20LLC/Playground%20Automation/test/specs/test.e2e.js:31:9)"
        }
      ],
      "screenshot": "reports\\screenshots\\screenshot-122a9bd6-Mon_11_Aug_2025_11-46-09_GMT.png",
      "browserConsoleLogs": [],
      "specConsoleLogs": []
    },
    {
      "uid": "go to buy now page of cartspec4",
      "timestamp": "11:46:10",
      "suiteName": "Playground Product Purchase",
      "testName": "go to buy now page of cart",
      "status": "FAILED",
      "errors": [
        {
          "message": "TypeError: received?.getElement is not a function",
          "stack": "at async UserContext.<anonymous> (file:///C:/Users/PoornimaKR/OneDrive%20-%20Testing%20Mavens%20LLC/Playground%20Automation/test/specs/test.e2e.js:38:9)"
        }
      ],
      "screenshot": "reports\\screenshots\\screenshot-63a68817-Mon_11_Aug_2025_11-46-10_GMT.png",
      "browserConsoleLogs": [],
      "specConsoleLogs": []
    },
    {
      "uid": "successfully go to the payment pagespec5",
      "timestamp": "11:46:10",
      "suiteName": "Playground Product Purchase",
      "testName": "successfully go to the payment page",
      "status": "FAILED",
      "errors": [
        {
          "message": "TypeError: this.clickOnCheckoutButton.click is not a function",
          "stack": "at PaymentPage.clickCheckout (file:///C:/Users/PoornimaKR/OneDrive%20-%20Testing%20Mavens%20LLC/Playground%20Automation/test/pageobjects/paymentPage.js:33:38)\n    at UserContext.<anonymous> (file:///C:/Users/PoornimaKR/OneDrive%20-%20Testing%20Mavens%20LLC/Playground%20Automation/test/specs/test.e2e.js:42:27)"
        }
      ],
      "screenshot": "reports\\screenshots\\screenshot-37aab21e-Mon_11_Aug_2025_11-46-10_GMT.png",
      "browserConsoleLogs": [],
      "specConsoleLogs": []
    }
  ]
}